0 verbose cli C:\Program Files\nodejs\node.exe C:\Program Files\nodejs\node_modules\npm\bin\npm-cli.js
1 info using npm@10.9.2
2 info using node@v22.16.0
3 silly config load:file:C:\Program Files\nodejs\node_modules\npm\npmrc
4 silly config load:file:C:\Users\Shabi\Desktop\trae\hotelswebsite\.npmrc
5 silly config load:file:C:\Users\Shabi\.npmrc
6 silly config load:file:C:\Users\Shabi\AppData\Roaming\npm\etc\npmrc
7 verbose title npm run dev
8 verbose argv "run" "dev"
9 verbose logfile logs-max:10 dir:C:\Users\Shabi\Desktop\trae\hotelswebsite\clean\_logs\2025-07-26T10_57_06_764Z-
10 verbose logfile C:\Users\Shabi\Desktop\trae\hotelswebsite\clean\_logs\2025-07-26T10_57_06_764Z-debug-0.log
11 silly logfile done cleaning log files
12 verbose stack TypeError [ERR_INVALID_ARG_TYPE]: The "file" argument must be of type string. Received undefined
12 verbose stack     at normalizeSpawnArguments (node:child_process:539:3)
12 verbose stack     at spawn (node:child_process:746:13)
12 verbose stack     at promiseSpawn (C:\Program Files\nodejs\node_modules\npm\node_modules\@npmcli\promise-spawn\lib\index.js:39:16)
12 verbose stack     at spawnWithShell (C:\Program Files\nodejs\node_modules\npm\node_modules\@npmcli\promise-spawn\lib\index.js:124:10)
12 verbose stack     at promiseSpawn (C:\Program Files\nodejs\node_modules\npm\node_modules\@npmcli\promise-spawn\lib\index.js:12:12)
12 verbose stack     at runScriptPkg (C:\Program Files\nodejs\node_modules\npm\node_modules\@npmcli\run-script\lib\run-script-pkg.js:77:13)
12 verbose stack     at runScript (C:\Program Files\nodejs\node_modules\npm\node_modules\@npmcli\run-script\lib\run-script.js:9:12)
12 verbose stack     at #run (C:\Program Files\nodejs\node_modules\npm\lib\commands\run-script.js:131:13)
12 verbose stack     at async RunScript.exec (C:\Program Files\nodejs\node_modules\npm\lib\commands\run-script.js:40:7)
12 verbose stack     at async Npm.exec (C:\Program Files\nodejs\node_modules\npm\lib\npm.js:207:9)
13 error code ERR_INVALID_ARG_TYPE
14 error The "file" argument must be of type string. Received undefined
15 verbose cwd C:\Users\Shabi\Desktop\trae\hotelswebsite
16 verbose os Windows_NT 10.0.26100
17 verbose node v22.16.0
18 verbose npm  v10.9.2
19 verbose exit 1
20 verbose code 1
21 error A complete log of this run can be found in: C:\Users\Shabi\Desktop\trae\hotelswebsite\clean\_logs\2025-07-26T10_57_06_764Z-debug-0.log
