0 verbose cli C:\Program Files\nodejs\node.exe C:\Program Files\nodejs\node_modules\npm\bin\npm-cli.js
1 info using npm@10.9.2
2 info using node@v22.16.0
3 silly config load:file:C:\Program Files\nodejs\node_modules\npm\npmrc
4 silly config load:file:C:\Users\Shabi\Desktop\trae\hotelswebsite\.npmrc
5 silly config load:file:C:\Users\Shabi\.npmrc
6 silly config load:file:C:\Users\Shabi\AppData\Roaming\npm\etc\npmrc
7 verbose title npm install mongodb mongoose
8 verbose argv "install" "mongodb" "mongoose"
9 verbose logfile logs-max:10 dir:C:\Users\Shabi\Desktop\trae\hotelswebsite\clean\_logs\2025-07-26T12_10_39_586Z-
10 verbose logfile C:\Users\Shabi\Desktop\trae\hotelswebsite\clean\_logs\2025-07-26T12_10_39_586Z-debug-0.log
11 silly logfile done cleaning log files
12 silly packumentCache heap:2197815296 maxSize:549453824 maxEntrySize:274726912
13 silly idealTree buildDeps
14 silly fetch manifest mongoose@^8.16.5
15 silly packumentCache full:https://registry.npmjs.org/mongoose cache-miss
16 http fetch GET 200 https://registry.npmjs.org/mongoose 4652ms (cache miss)
17 silly packumentCache full:https://registry.npmjs.org/mongoose set size:undefined disposed:false
18 silly fetch manifest mongodb@*
19 silly packumentCache full:https://registry.npmjs.org/mongodb cache-miss
20 http fetch GET 200 https://registry.npmjs.org/mongodb 3814ms (cache miss)
21 silly packumentCache full:https://registry.npmjs.org/mongodb set size:undefined disposed:false
22 silly fetch manifest @aws-sdk/credential-providers@^3.188.0
23 silly packumentCache full:https://registry.npmjs.org/@aws-sdk%2fcredential-providers cache-miss
24 http fetch GET 200 https://registry.npmjs.org/@aws-sdk%2fcredential-providers 2314ms (cache miss)
25 silly packumentCache full:https://registry.npmjs.org/@aws-sdk%2fcredential-providers set size:undefined disposed:false
26 silly fetch manifest @mongodb-js/zstd@^1.1.0 || ^2.0.0
27 silly packumentCache full:https://registry.npmjs.org/@mongodb-js%2fzstd cache-miss
28 http fetch GET 200 https://registry.npmjs.org/@mongodb-js%2fzstd 1506ms (cache miss)
29 silly packumentCache full:https://registry.npmjs.org/@mongodb-js%2fzstd set size:undefined disposed:false
30 silly fetch manifest gcp-metadata@^5.2.0
31 silly packumentCache full:https://registry.npmjs.org/gcp-metadata cache-miss
32 http fetch GET 200 https://registry.npmjs.org/gcp-metadata 2100ms (cache miss)
33 silly packumentCache full:https://registry.npmjs.org/gcp-metadata set size:undefined disposed:false
34 silly fetch manifest kerberos@^2.0.1
35 silly packumentCache full:https://registry.npmjs.org/kerberos cache-miss
36 http fetch GET 200 https://registry.npmjs.org/kerberos 1785ms (cache miss)
37 silly packumentCache full:https://registry.npmjs.org/kerberos set size:undefined disposed:false
38 silly fetch manifest mongodb-client-encryption@>=6.0.0 <7
39 silly packumentCache full:https://registry.npmjs.org/mongodb-client-encryption cache-miss
40 http fetch GET 200 https://registry.npmjs.org/mongodb-client-encryption 2287ms (cache miss)
41 silly packumentCache full:https://registry.npmjs.org/mongodb-client-encryption set size:undefined disposed:false
42 silly fetch manifest snappy@^7.2.2
43 silly packumentCache full:https://registry.npmjs.org/snappy cache-miss
44 http fetch GET 200 https://registry.npmjs.org/snappy 1404ms (cache miss)
45 silly packumentCache full:https://registry.npmjs.org/snappy set size:undefined disposed:false
46 silly fetch manifest socks@^2.7.1
47 silly packumentCache full:https://registry.npmjs.org/socks cache-miss
48 http fetch GET 200 https://registry.npmjs.org/socks 1452ms (cache miss)
49 silly packumentCache full:https://registry.npmjs.org/socks set size:undefined disposed:false
50 silly placeDep ROOT mongodb@6.18.0 OK for: hotelswebsite@0.1.0 want: *
51 silly placeDep ROOT mongoose@8.16.5 REPLACE for: hotelswebsite@0.1.0 want: ^8.16.5
52 silly fetch manifest bson@^6.10.4
53 silly packumentCache full:https://registry.npmjs.org/bson cache-miss
54 silly fetch manifest @mongodb-js/saslprep@^1.1.9
55 silly packumentCache full:https://registry.npmjs.org/@mongodb-js%2fsaslprep cache-miss
56 silly fetch manifest mongodb-connection-string-url@^3.0.0
57 silly packumentCache full:https://registry.npmjs.org/mongodb-connection-string-url cache-miss
58 silly fetch manifest bson@^6.10.4
59 silly packumentCache full:https://registry.npmjs.org/bson cache-miss
60 silly fetch manifest kareem@2.6.3
61 silly packumentCache full:https://registry.npmjs.org/kareem cache-miss
62 silly fetch manifest mongodb@~6.17.0
63 silly packumentCache full:https://registry.npmjs.org/mongodb cache-miss
64 silly fetch manifest mpath@0.9.0
65 silly packumentCache full:https://registry.npmjs.org/mpath cache-miss
66 silly fetch manifest mquery@5.0.0
67 silly packumentCache full:https://registry.npmjs.org/mquery cache-miss
68 silly fetch manifest ms@2.1.3
69 silly packumentCache full:https://registry.npmjs.org/ms cache-miss
70 silly fetch manifest sift@17.1.3
71 silly packumentCache full:https://registry.npmjs.org/sift cache-miss
72 http cache https://registry.npmjs.org/mongodb 83ms (cache hit)
73 silly packumentCache full:https://registry.npmjs.org/mongodb set size:3318926 disposed:false
74 http fetch GET 200 https://registry.npmjs.org/kareem 1484ms (cache miss)
75 silly packumentCache full:https://registry.npmjs.org/kareem set size:undefined disposed:false
76 http fetch GET 200 https://registry.npmjs.org/mongodb-connection-string-url 1542ms (cache miss)
77 silly packumentCache full:https://registry.npmjs.org/mongodb-connection-string-url set size:undefined disposed:false
78 http fetch GET 200 https://registry.npmjs.org/ms 1631ms (cache revalidated)
79 silly packumentCache full:https://registry.npmjs.org/ms set size:84883 disposed:false
80 http fetch GET 200 https://registry.npmjs.org/sift 1705ms (cache miss)
81 silly packumentCache full:https://registry.npmjs.org/sift set size:undefined disposed:false
82 http fetch GET 200 https://registry.npmjs.org/bson 1751ms (cache miss)
83 silly packumentCache full:https://registry.npmjs.org/bson set size:undefined disposed:false
84 http fetch GET 200 https://registry.npmjs.org/mquery 2230ms (cache miss)
85 silly packumentCache full:https://registry.npmjs.org/mquery set size:undefined disposed:false
86 http fetch GET 200 https://registry.npmjs.org/bson 2704ms (cache miss)
87 silly packumentCache full:https://registry.npmjs.org/bson set size:undefined disposed:false
88 http fetch GET 200 https://registry.npmjs.org/mpath 2752ms (cache miss)
89 silly packumentCache full:https://registry.npmjs.org/mpath set size:undefined disposed:false
90 http fetch GET 200 https://registry.npmjs.org/@mongodb-js%2fsaslprep 2826ms (cache miss)
91 silly packumentCache full:https://registry.npmjs.org/@mongodb-js%2fsaslprep set size:undefined disposed:false
92 silly placeDep ROOT @mongodb-js/saslprep@1.3.0 OK for: mongodb@6.18.0 want: ^1.1.9
93 silly placeDep ROOT bson@6.10.4 OK for: mongodb@6.18.0 want: ^6.10.4
94 silly placeDep ROOT mongodb-connection-string-url@3.0.2 OK for: mongodb@6.18.0 want: ^3.0.0
95 silly fetch manifest sparse-bitfield@^3.0.3
96 silly packumentCache full:https://registry.npmjs.org/sparse-bitfield cache-miss
97 silly fetch manifest whatwg-url@^14.1.0 || ^13.0.0
98 silly packumentCache full:https://registry.npmjs.org/whatwg-url cache-miss
99 silly fetch manifest @types/whatwg-url@^11.0.2
100 silly packumentCache full:https://registry.npmjs.org/@types%2fwhatwg-url cache-miss
101 http fetch GET 200 https://registry.npmjs.org/whatwg-url 1445ms (cache miss)
102 silly packumentCache full:https://registry.npmjs.org/whatwg-url set size:undefined disposed:false
103 http fetch GET 200 https://registry.npmjs.org/@types%2fwhatwg-url 1456ms (cache miss)
104 silly packumentCache full:https://registry.npmjs.org/@types%2fwhatwg-url set size:undefined disposed:false
105 http fetch GET 200 https://registry.npmjs.org/sparse-bitfield 1466ms (cache miss)
106 silly packumentCache full:https://registry.npmjs.org/sparse-bitfield set size:undefined disposed:false
107 silly placeDep ROOT sparse-bitfield@3.0.3 OK for: @mongodb-js/saslprep@1.3.0 want: ^3.0.3
108 silly fetch manifest memory-pager@^1.0.2
109 silly packumentCache full:https://registry.npmjs.org/memory-pager cache-miss
110 http fetch GET 200 https://registry.npmjs.org/memory-pager 1450ms (cache miss)
111 silly packumentCache full:https://registry.npmjs.org/memory-pager set size:undefined disposed:false
112 silly placeDep ROOT @types/whatwg-url@11.0.5 OK for: mongodb-connection-string-url@3.0.2 want: ^11.0.2
113 silly placeDep ROOT whatwg-url@14.2.0 OK for: mongodb-connection-string-url@3.0.2 want: ^14.1.0 || ^13.0.0
114 silly fetch manifest @types/webidl-conversions@*
115 silly packumentCache full:https://registry.npmjs.org/@types%2fwebidl-conversions cache-miss
116 silly fetch manifest tr46@^5.1.0
117 silly packumentCache full:https://registry.npmjs.org/tr46 cache-miss
118 silly fetch manifest webidl-conversions@^7.0.0
119 silly packumentCache full:https://registry.npmjs.org/webidl-conversions cache-miss
120 http fetch GET 200 https://registry.npmjs.org/webidl-conversions 1388ms (cache miss)
121 silly packumentCache full:https://registry.npmjs.org/webidl-conversions set size:undefined disposed:false
122 http fetch GET 200 https://registry.npmjs.org/tr46 1437ms (cache miss)
123 silly packumentCache full:https://registry.npmjs.org/tr46 set size:undefined disposed:false
124 http fetch GET 200 https://registry.npmjs.org/@types%2fwebidl-conversions 1455ms (cache miss)
125 silly packumentCache full:https://registry.npmjs.org/@types%2fwebidl-conversions set size:undefined disposed:false
126 silly placeDep ROOT @types/webidl-conversions@7.0.3 OK for: @types/whatwg-url@11.0.5 want: *
127 silly placeDep ROOT kareem@2.6.3 OK for: mongoose@8.16.5 want: 2.6.3
128 silly placeDep node_modules/mongoose mongodb@6.17.0 OK for: mongoose@8.16.5 want: ~6.17.0
129 silly placeDep ROOT mpath@0.9.0 OK for: mongoose@8.16.5 want: 0.9.0
130 silly placeDep ROOT mquery@5.0.0 OK for: mongoose@8.16.5 want: 5.0.0
131 silly placeDep ROOT ms@2.1.3 OK for: mongoose@8.16.5 want: 2.1.3
132 silly placeDep ROOT sift@17.1.3 OK for: mongoose@8.16.5 want: 17.1.3
133 silly fetch manifest debug@4.x
134 silly packumentCache full:https://registry.npmjs.org/debug cache-miss
135 http fetch GET 200 https://registry.npmjs.org/debug 1408ms (cache revalidated)
136 silly packumentCache full:https://registry.npmjs.org/debug set size:193521 disposed:false
137 silly placeDep ROOT debug@4.4.1 OK for: mquery@5.0.0 want: 4.x
138 verbose stack TypeError: Cannot read properties of null (reading 'matches')
138 verbose stack     at Link.matches (C:\Program Files\nodejs\node_modules\npm\node_modules\@npmcli\arborist\lib\node.js:1117:41)
138 verbose stack     at Link.canDedupe (C:\Program Files\nodejs\node_modules\npm\node_modules\@npmcli\arborist\lib\node.js:1071:15)
138 verbose stack     at PlaceDep.pruneDedupable (C:\Program Files\nodejs\node_modules\npm\node_modules\@npmcli\arborist\lib\place-dep.js:426:14)
138 verbose stack     at new PlaceDep (C:\Program Files\nodejs\node_modules\npm\node_modules\@npmcli\arborist\lib\place-dep.js:278:14)
138 verbose stack     at #buildDepStep (C:\Program Files\nodejs\node_modules\npm\node_modules\@npmcli\arborist\lib\arborist\build-ideal-tree.js:920:18)
138 verbose stack     at async Arborist.buildIdealTree (C:\Program Files\nodejs\node_modules\npm\node_modules\@npmcli\arborist\lib\arborist\build-ideal-tree.js:181:7)
138 verbose stack     at async Promise.all (index 1)
138 verbose stack     at async Arborist.reify (C:\Program Files\nodejs\node_modules\npm\node_modules\@npmcli\arborist\lib\arborist\reify.js:131:5)
138 verbose stack     at async Install.exec (C:\Program Files\nodejs\node_modules\npm\lib\commands\install.js:150:5)
138 verbose stack     at async Npm.exec (C:\Program Files\nodejs\node_modules\npm\lib\npm.js:207:9)
139 error Cannot read properties of null (reading 'matches')
140 silly unfinished npm timer reify 1753531841002
141 silly unfinished npm timer reify:loadTrees 1753531841003
142 silly unfinished npm timer idealTree:buildDeps 1753531850090
143 silly unfinished npm timer idealTree:node_modules/mquery 1753531880451
144 verbose cwd C:\Users\Shabi\Desktop\trae\hotelswebsite
145 verbose os Windows_NT 10.0.26100
146 verbose node v22.16.0
147 verbose npm  v10.9.2
148 verbose exit 1
149 verbose code 1
150 error A complete log of this run can be found in: C:\Users\Shabi\Desktop\trae\hotelswebsite\clean\_logs\2025-07-26T12_10_39_586Z-debug-0.log
